<?xml version="1.0" encoding="UTF-8"?>
<!-- Generated by org.testng.reporters.JUnitReportReporter -->
<testsuite skipped="0" hostname="ITCL0VRNR" name="com.UIAutomationFinalProjectV2.UIAutomationFinalProjectV2.Registeration" tests="1" failures="0" timestamp="01 Feb 2021 18:11:07 GMT" time="27.962" errors="0">
  <testcase name="RegisterationTestCase" time="27.962" classname="com.UIAutomationFinalProjectV2.UIAutomationFinalProjectV2.Registeration"/>
</testsuite> <!-- com.UIAutomationFinalProjectV2.UIAutomationFinalProjectV2.Registeration -->
